# JRE version: Java(TM) SE Runtime Environment (8.0_66-b18) (build 1.8.0_66-b18)
# Java VM: Java HotSpot(TM) Server VM (25.66-b18 mixed mode windows-x86 )
Heap:
 PSYoungGen      total 305920K, used 194211K [0x3c8c0000, 0x51e00000, 0x51e00000)
  eden space 262400K, 74% used [0x3c8c0000,0x48668ea0,0x4c900000)
  from space 43520K, 0% used [0x4f380000,0x4f380000,0x51e00000)
  to   space 43520K, 0% used [0x4c900000,0x4c900000,0x4f380000)
 ParOldGen       total 699136K, used 20085K [0x11e00000, 0x3c8c0000, 0x3c8c0000)
  object space 699136K, 2% used [0x11e00000,0x1319d7d8,0x3c8c0000)
 Metaspace       used 34087K, capacity 35290K, committed 35328K, reserved 36224K
GC Heap History (8 events):
Event: 4.604 GC heap before
{Heap before GC invocations=1 (full 0):
 PSYoungGen      total 305920K, used 230924K [0x3c8c0000, 0x51e00000, 0x51e00000)
  eden space 262400K, 88% used [0x3c8c0000,0x4aa43080,0x4c900000)
  from space 43520K, 0% used [0x4f380000,0x4f380000,0x51e00000)
  to   space 43520K, 0% used [0x4c900000,0x4c900000,0x4f380000)
 ParOldGen       total 699136K, used 0K [0x11e00000, 0x3c8c0000, 0x3c8c0000)
  object space 699136K, 0% used [0x11e00000,0x11e00000,0x3c8c0000)
 Metaspace       used 15746K, capacity 16384K, committed 16384K, reserved 16768K
Event: 4.639 GC heap after
Heap after GC invocations=1 (full 0):
 PSYoungGen      total 305920K, used 12833K [0x3c8c0000, 0x51e00000, 0x51e00000)
  eden space 262400K, 0% used [0x3c8c0000,0x3c8c0000,0x4c900000)
  from space 43520K, 29% used [0x4c900000,0x4d5885d0,0x4f380000)
  to   space 43520K, 0% used [0x4f380000,0x4f380000,0x51e00000)
 ParOldGen       total 699136K, used 84K [0x11e00000, 0x3c8c0000, 0x3c8c0000)
  object space 699136K, 0% used [0x11e00000,0x11e15010,0x3c8c0000)
 Metaspace       used 15746K, capacity 16384K, committed 16384K, reserved 16768K
}
Event: 4.639 GC heap before
{Heap before GC invocations=2 (full 1):
 PSYoungGen      total 305920K, used 12833K [0x3c8c0000, 0x51e00000, 0x51e00000)
  eden space 262400K, 0% used [0x3c8c0000,0x3c8c0000,0x4c900000)
  from space 43520K, 29% used [0x4c900000,0x4d5885d0,0x4f380000)
  to   space 43520K, 0% used [0x4f380000,0x4f380000,0x51e00000)
 ParOldGen       total 699136K, used 84K [0x11e00000, 0x3c8c0000, 0x3c8c0000)
  object space 699136K, 0% used [0x11e00000,0x11e15010,0x3c8c0000)
 Metaspace       used 15746K, capacity 16384K, committed 16384K, reserved 16768K
Event: 4.723 GC heap after
Heap after GC invocations=2 (full 1):
 PSYoungGen      total 305920K, used 0K [0x3c8c0000, 0x51e00000, 0x51e00000)
  eden space 262400K, 0% used [0x3c8c0000,0x3c8c0000,0x4c900000)
  from space 43520K, 0% used [0x4c900000,0x4c900000,0x4f380000)
  to   space 43520K, 0% used [0x4f380000,0x4f380000,0x51e00000)
 ParOldGen       total 699136K, used 12629K [0x11e00000, 0x3c8c0000, 0x3c8c0000)
  object space 699136K, 1% used [0x11e00000,0x12a55510,0x3c8c0000)
 Metaspace       used 15746K, capacity 16384K, committed 16384K, reserved 16768K
}
Event: 21.247 GC heap before
{Heap before GC invocations=3 (full 1):
 PSYoungGen      total 305920K, used 191667K [0x3c8c0000, 0x51e00000, 0x51e00000)
  eden space 262400K, 73% used [0x3c8c0000,0x483ecd70,0x4c900000)
  from space 43520K, 0% used [0x4c900000,0x4c900000,0x4f380000)
  to   space 43520K, 0% used [0x4f380000,0x4f380000,0x51e00000)
 ParOldGen       total 699136K, used 12629K [0x11e00000, 0x3c8c0000, 0x3c8c0000)
  object space 699136K, 1% used [0x11e00000,0x12a55510,0x3c8c0000)
 Metaspace       used 26286K, capacity 27268K, committed 27308K, reserved 28032K
Event: 21.299 GC heap after
Heap after GC invocations=3 (full 1):
 PSYoungGen      total 305920K, used 9195K [0x3c8c0000, 0x51e00000, 0x51e00000)
  eden space 262400K, 0% used [0x3c8c0000,0x3c8c0000,0x4c900000)
  from space 43520K, 21% used [0x4f380000,0x4fc7af50,0x51e00000)
  to   space 43520K, 0% used [0x4c900000,0x4c900000,0x4f380000)
 ParOldGen       total 699136K, used 12637K [0x11e00000, 0x3c8c0000, 0x3c8c0000)
  object space 699136K, 1% used [0x11e00000,0x12a57510,0x3c8c0000)
 Metaspace       used 26286K, capacity 27268K, committed 27308K, reserved 28032K
}
Event: 21.300 GC heap before
{Heap before GC invocations=4 (full 2):
 PSYoungGen      total 305920K, used 9195K [0x3c8c0000, 0x51e00000, 0x51e00000)
  eden space 262400K, 0% used [0x3c8c0000,0x3c8c0000,0x4c900000)
  from space 43520K, 21% used [0x4f380000,0x4fc7af50,0x51e00000)
  to   space 43520K, 0% used [0x4c900000,0x4c900000,0x4f380000)
 ParOldGen       total 699136K, used 12637K [0x11e00000, 0x3c8c0000, 0x3c8c0000)
  object space 699136K, 1% used [0x11e00000,0x12a57510,0x3c8c0000)
 Metaspace       used 26286K, capacity 27268K, committed 27308K, reserved 28032K
Event: 21.426 GC heap after
Heap after GC invocations=4 (full 2):
 PSYoungGen      total 305920K, used 0K [0x3c8c0000, 0x51e00000, 0x51e00000)
  eden space 262400K, 0% used [0x3c8c0000,0x3c8c0000,0x4c900000)
  from space 43520K, 0% used [0x4f380000,0x4f380000,0x51e00000)
  to   space 43520K, 0% used [0x4c900000,0x4c900000,0x4f380000)
 ParOldGen       total 699136K, used 20085K [0x11e00000, 0x3c8c0000, 0x3c8c0000)
  object space 699136K, 2% used [0x11e00000,0x1319d7d8,0x3c8c0000)
 Metaspace       used 26286K, capacity 27268K, committed 27308K, reserved 28032K
}

